<?xml version="1.0" encoding="UTF-8"?>
<!-- Generated by org.testng.reporters.JUnitXMLReporter -->
<testsuite ignored="0" hostname="MKD-CORP-BCP086" failures="0" tests="6" name="Default test" time="86.626" errors="0" timestamp="2021-06-09T00:45:29 IST">
  <testcase classname="com.cyient.test.LoginTest" name="invalidCredentialTest" time="1.684"/>
  <testcase classname="com.cyient.test.LoginTest" name="invalidCredentialTest" time="3.759"/>
  <testcase classname="com.cyient.test.LoginTest" name="validCredentialTest" time="7.813"/>
  <testcase classname="com.cyient.test.LoginTest" name="validCredentialTest" time="5.134"/>
  <testcase classname="com.cyient.test.LoginTest" name="validCredentialTest" time="5.594"/>
  <testcase classname="com.cyient.test.LoginTest" name="validateUIComponentTest" time="0.08"/>
</testsuite> <!-- Default test -->
