<?xml version="1.0" encoding="UTF-8"?>
<testng-results ignored="0" total="6" passed="6" failed="0" skipped="0">
  <reporter-output>
  </reporter-output>
  <suite started-at="2021-06-09T00:44:02 IST" name="Default suite" finished-at="2021-06-09T00:45:29 IST" duration-ms="86626">
    <groups>
    </groups>
    <test started-at="2021-06-09T00:44:02 IST" name="Default test" finished-at="2021-06-09T00:45:29 IST" duration-ms="86626">
      <class name="com.cyient.test.LoginTest">
        <test-method is-config="true" signature="setup()[pri:0, instance:com.cyient.test.LoginTest@4da4253]" started-at="2021-06-09T00:44:02 IST" name="setup" finished-at="2021-06-09T00:44:12 IST" duration-ms="10005" status="PASS">
          <reporter-output>
          </reporter-output>
        </test-method> <!-- setup -->
        <test-method signature="invalidCredentialTest(java.lang.String,java.lang.String,java.lang.String,java.lang.String)[pri:0, instance:com.cyient.test.LoginTest@4da4253]" started-at="2021-06-09T00:44:12 IST" name="invalidCredentialTest" data-provider="invalidCredentialData" finished-at="2021-06-09T00:44:14 IST" duration-ms="1684" status="PASS">
          <params>
            <param index="0">
              <value>
                <![CDATA[hari]]>
              </value>
            </param>
            <param index="1">
              <value>
                <![CDATA[hari121]]>
              </value>
            </param>
            <param index="2">
              <value>
                <![CDATA[Greek]]>
              </value>
            </param>
            <param index="3">
              <value>
                <![CDATA[Invalid username or password]]>
              </value>
            </param>
          </params>
          <reporter-output>
          </reporter-output>
        </test-method> <!-- invalidCredentialTest -->
        <test-method is-config="true" signature="teardown()[pri:0, instance:com.cyient.test.LoginTest@4da4253]" started-at="2021-06-09T00:44:14 IST" name="teardown" finished-at="2021-06-09T00:44:14 IST" duration-ms="806" status="PASS">
          <reporter-output>
          </reporter-output>
        </test-method> <!-- teardown -->
        <test-method is-config="true" signature="setup()[pri:0, instance:com.cyient.test.LoginTest@4da4253]" started-at="2021-06-09T00:44:14 IST" name="setup" finished-at="2021-06-09T00:44:24 IST" duration-ms="9222" status="PASS">
          <reporter-output>
          </reporter-output>
        </test-method> <!-- setup -->
        <test-method signature="invalidCredentialTest(java.lang.String,java.lang.String,java.lang.String,java.lang.String)[pri:0, instance:com.cyient.test.LoginTest@4da4253]" started-at="2021-06-09T00:44:24 IST" name="invalidCredentialTest" data-provider="invalidCredentialData" finished-at="2021-06-09T00:44:27 IST" duration-ms="3759" status="PASS">
          <params>
            <param index="0">
              <value>
                <![CDATA[Mohan]]>
              </value>
            </param>
            <param index="1">
              <value>
                <![CDATA[Mohan12]]>
              </value>
            </param>
            <param index="2">
              <value>
                <![CDATA[Arabic]]>
              </value>
            </param>
            <param index="3">
              <value>
                <![CDATA[Invalid username or password]]>
              </value>
            </param>
          </params>
          <reporter-output>
          </reporter-output>
        </test-method> <!-- invalidCredentialTest -->
        <test-method is-config="true" signature="teardown()[pri:0, instance:com.cyient.test.LoginTest@4da4253]" started-at="2021-06-09T00:44:27 IST" name="teardown" finished-at="2021-06-09T00:44:28 IST" duration-ms="806" status="PASS">
          <reporter-output>
          </reporter-output>
        </test-method> <!-- teardown -->
        <test-method is-config="true" signature="setup()[pri:0, instance:com.cyient.test.LoginTest@4da4253]" started-at="2021-06-09T00:44:28 IST" name="setup" finished-at="2021-06-09T00:44:39 IST" duration-ms="10433" status="PASS">
          <reporter-output>
          </reporter-output>
        </test-method> <!-- setup -->
        <test-method signature="validCredentialTest(java.lang.String,java.lang.String,java.lang.String,java.lang.String)[pri:0, instance:com.cyient.test.LoginTest@4da4253]" started-at="2021-06-09T00:44:39 IST" name="validCredentialTest" data-provider="validData" finished-at="2021-06-09T00:44:47 IST" duration-ms="7813" status="PASS">
          <params>
            <param index="0">
              <value>
                <![CDATA[admin]]>
              </value>
            </param>
            <param index="1">
              <value>
                <![CDATA[pass]]>
              </value>
            </param>
            <param index="2">
              <value>
                <![CDATA[English (Indian)]]>
              </value>
            </param>
            <param index="3">
              <value>
                <![CDATA[OpenEMR]]>
              </value>
            </param>
          </params>
          <reporter-output>
          </reporter-output>
        </test-method> <!-- validCredentialTest -->
        <test-method is-config="true" signature="teardown()[pri:0, instance:com.cyient.test.LoginTest@4da4253]" started-at="2021-06-09T00:44:47 IST" name="teardown" finished-at="2021-06-09T00:44:47 IST" duration-ms="784" status="PASS">
          <reporter-output>
          </reporter-output>
        </test-method> <!-- teardown -->
        <test-method is-config="true" signature="setup()[pri:0, instance:com.cyient.test.LoginTest@4da4253]" started-at="2021-06-09T00:44:47 IST" name="setup" finished-at="2021-06-09T00:44:57 IST" duration-ms="9456" status="PASS">
          <reporter-output>
          </reporter-output>
        </test-method> <!-- setup -->
        <test-method signature="validCredentialTest(java.lang.String,java.lang.String,java.lang.String,java.lang.String)[pri:0, instance:com.cyient.test.LoginTest@4da4253]" started-at="2021-06-09T00:44:57 IST" name="validCredentialTest" data-provider="validData" finished-at="2021-06-09T00:45:02 IST" duration-ms="5134" status="PASS">
          <params>
            <param index="0">
              <value>
                <![CDATA[physician]]>
              </value>
            </param>
            <param index="1">
              <value>
                <![CDATA[physician]]>
              </value>
            </param>
            <param index="2">
              <value>
                <![CDATA[English (Indian)]]>
              </value>
            </param>
            <param index="3">
              <value>
                <![CDATA[OpenEMR]]>
              </value>
            </param>
          </params>
          <reporter-output>
          </reporter-output>
        </test-method> <!-- validCredentialTest -->
        <test-method is-config="true" signature="teardown()[pri:0, instance:com.cyient.test.LoginTest@4da4253]" started-at="2021-06-09T00:45:02 IST" name="teardown" finished-at="2021-06-09T00:45:03 IST" duration-ms="752" status="PASS">
          <reporter-output>
          </reporter-output>
        </test-method> <!-- teardown -->
        <test-method is-config="true" signature="setup()[pri:0, instance:com.cyient.test.LoginTest@4da4253]" started-at="2021-06-09T00:45:03 IST" name="setup" finished-at="2021-06-09T00:45:12 IST" duration-ms="9372" status="PASS">
          <reporter-output>
          </reporter-output>
        </test-method> <!-- setup -->
        <test-method signature="validCredentialTest(java.lang.String,java.lang.String,java.lang.String,java.lang.String)[pri:0, instance:com.cyient.test.LoginTest@4da4253]" started-at="2021-06-09T00:45:12 IST" name="validCredentialTest" data-provider="validData" finished-at="2021-06-09T00:45:18 IST" duration-ms="5594" status="PASS">
          <params>
            <param index="0">
              <value>
                <![CDATA[accountant]]>
              </value>
            </param>
            <param index="1">
              <value>
                <![CDATA[accountant]]>
              </value>
            </param>
            <param index="2">
              <value>
                <![CDATA[English (Indian)]]>
              </value>
            </param>
            <param index="3">
              <value>
                <![CDATA[OpenEMR]]>
              </value>
            </param>
          </params>
          <reporter-output>
          </reporter-output>
        </test-method> <!-- validCredentialTest -->
        <test-method is-config="true" signature="teardown()[pri:0, instance:com.cyient.test.LoginTest@4da4253]" started-at="2021-06-09T00:45:18 IST" name="teardown" finished-at="2021-06-09T00:45:18 IST" duration-ms="786" status="PASS">
          <reporter-output>
          </reporter-output>
        </test-method> <!-- teardown -->
        <test-method is-config="true" signature="setup()[pri:0, instance:com.cyient.test.LoginTest@4da4253]" started-at="2021-06-09T00:45:18 IST" name="setup" finished-at="2021-06-09T00:45:28 IST" duration-ms="9331" status="PASS">
          <reporter-output>
          </reporter-output>
        </test-method> <!-- setup -->
        <test-method signature="validateUIComponentTest()[pri:0, instance:com.cyient.test.LoginTest@4da4253]" started-at="2021-06-09T00:45:28 IST" name="validateUIComponentTest" finished-at="2021-06-09T00:45:28 IST" duration-ms="80" status="PASS">
          <reporter-output>
          </reporter-output>
        </test-method> <!-- validateUIComponentTest -->
        <test-method is-config="true" signature="teardown()[pri:0, instance:com.cyient.test.LoginTest@4da4253]" started-at="2021-06-09T00:45:28 IST" name="teardown" finished-at="2021-06-09T00:45:29 IST" duration-ms="769" status="PASS">
          <reporter-output>
          </reporter-output>
        </test-method> <!-- teardown -->
      </class> <!-- com.cyient.test.LoginTest -->
    </test> <!-- Default test -->
  </suite> <!-- Default suite -->
</testng-results>
